<?xml version="1.0" encoding="UTF-8"?>
<!-- Generated by org.testng.reporters.JUnitReportReporter -->
<testsuite hostname="DU1LSITA112PPH" failures="0" tests="5" name="org.igt.demo.apitests.UpdateTest" time="2.506" errors="0" timestamp="2023-03-06T18:00:15 GST" skipped="0">
  <testcase classname="org.igt.demo.apitests.UpdateTest" name="updateRequest" time="0.489"/>
  <system-out/>
  <testcase classname="org.igt.demo.apitests.UpdateTest" name="updateRequestToValidateUserDetails" time="0.472"/>
  <system-out/>
  <testcase classname="org.igt.demo.apitests.UpdateTest" name="validateFirstNameAfterUpdate" time="0.449"/>
  <system-out/>
  <testcase classname="org.igt.demo.apitests.UpdateTest" name="checkLastNameAfterUpdation" time="0.720"/>
  <system-out/>
  <testcase classname="org.igt.demo.apitests.UpdateTest" name="verifyResponseBody" time="0.376"/>
  <system-out/>
</testsuite> <!-- org.igt.demo.apitests.UpdateTest -->
