<?xml version="1.0" encoding="UTF-8"?>
<!-- Generated by org.testng.reporters.JUnitReportReporter -->
<testsuite hostname="DU1LSITA112PPH" failures="0" tests="8" name="org.igt.demo.apitests.GetTest" time="7.846" errors="0" timestamp="2023-03-06T18:00:15 GST" skipped="0">
  <testcase classname="org.igt.demo.apitests.GetTest" name="getUserDetails" time="0.180"/>
  <system-out/>
  <testcase classname="org.igt.demo.apitests.GetTest" name="checkContentForGetUser" time="5.542"/>
  <system-out/>
  <testcase classname="org.igt.demo.apitests.GetTest" name="checkUserTitle" time="0.266"/>
  <system-out/>
  <testcase classname="org.igt.demo.apitests.GetTest" name="getPageCount" time="1.152"/>
  <system-out/>
  <testcase classname="org.igt.demo.apitests.GetTest" name="getPageCount" time="0.157"/>
  <system-out/>
  <testcase classname="org.igt.demo.apitests.GetTest" name="getPageCount" time="0.190"/>
  <system-out/>
  <testcase classname="org.igt.demo.apitests.GetTest" name="getPageCount" time="0.182"/>
  <system-out/>
  <testcase classname="org.igt.demo.apitests.GetTest" name="getPageCount" time="0.177"/>
  <system-out/>
</testsuite> <!-- org.igt.demo.apitests.GetTest -->
