<?xml version="1.0" encoding="UTF-8"?>
<!-- Generated by org.testng.reporters.JUnitReportReporter -->
<testsuite hostname="DU1LSITA112PPH" failures="0" tests="5" name="org.igt.demo.apitests.UpdateTest" time="2.139" errors="0" timestamp="2023-03-06T17:21:42 GST" skipped="0">
  <testcase classname="org.igt.demo.apitests.UpdateTest" name="updateRequest" time="0.491"/>
  <system-out/>
  <testcase classname="org.igt.demo.apitests.UpdateTest" name="updateRequestToValidateUserDetails" time="0.356"/>
  <system-out/>
  <testcase classname="org.igt.demo.apitests.UpdateTest" name="validateFirstNameAfterUpdate" time="0.337"/>
  <system-out/>
  <testcase classname="org.igt.demo.apitests.UpdateTest" name="checkLastNameAfterUpdation" time="0.610"/>
  <system-out/>
  <testcase classname="org.igt.demo.apitests.UpdateTest" name="verifyResponseBody" time="0.345"/>
  <system-out/>
</testsuite> <!-- org.igt.demo.apitests.UpdateTest -->
