<?xml version="1.0" encoding="UTF-8"?>
<!-- Generated by org.testng.reporters.JUnitReportReporter -->
<testsuite hostname="DU1LSITA112PPH" failures="0" tests="8" name="org.igt.demo.apitests.GetTest" time="3.920" errors="0" timestamp="2023-03-06T17:21:42 GST" skipped="0">
  <testcase classname="org.igt.demo.apitests.GetTest" name="getUserDetails" time="0.097"/>
  <system-out/>
  <testcase classname="org.igt.demo.apitests.GetTest" name="checkContentForGetUser" time="2.586"/>
  <system-out/>
  <testcase classname="org.igt.demo.apitests.GetTest" name="checkUserTitle" time="0.124"/>
  <system-out/>
  <testcase classname="org.igt.demo.apitests.GetTest" name="getPageCount" time="0.720"/>
  <system-out/>
  <testcase classname="org.igt.demo.apitests.GetTest" name="getPageCount" time="0.093"/>
  <system-out/>
  <testcase classname="org.igt.demo.apitests.GetTest" name="getPageCount" time="0.107"/>
  <system-out/>
  <testcase classname="org.igt.demo.apitests.GetTest" name="getPageCount" time="0.091"/>
  <system-out/>
  <testcase classname="org.igt.demo.apitests.GetTest" name="getPageCount" time="0.102"/>
  <system-out/>
</testsuite> <!-- org.igt.demo.apitests.GetTest -->
