<?xml version="1.0" encoding="UTF-8"?>
<!-- Generated by org.testng.reporters.JUnitReportReporter -->
<testsuite hostname="DU1LSITA112PPH" failures="0" tests="3" name="org.igt.demo.apitests.DeleteTest" time="1.222" errors="0" timestamp="2023-03-06T17:21:42 GST" skipped="0">
  <testcase classname="org.igt.demo.apitests.DeleteTest" name="deleteUserDetails" time="0.490"/>
  <system-out/>
  <testcase classname="org.igt.demo.apitests.DeleteTest" name="deleteAndCheckStatus" time="0.365"/>
  <system-out/>
  <testcase classname="org.igt.demo.apitests.DeleteTest" name="deleteNullStatusCheck" time="0.367"/>
  <system-out/>
</testsuite> <!-- org.igt.demo.apitests.DeleteTest -->
